

Microchip Technology PIC LITE Macro Assembler V1.32 build 58300 
                                                                                               Sat Aug  2 02:55:02 2014

Microchip Technology Omniscient Code Generator (Lite mode) build 58300
     1                           	processor	16LF1704
     2                           	opt	pw 120
     3                           	opt	lm
     4                           	psect	intentry,global,class=CODE,delta=2
     5                           	psect	cinit,global,class=CODE,merge=1,delta=2
     6                           	psect	bssCOMMON,global,class=COMMON,space=1,delta=1
     7                           	psect	clrtext,global,class=CODE,delta=2
     8                           	psect	cstackCOMMON,global,class=COMMON,space=1,delta=1
     9                           	psect	maintext,global,class=CODE,merge=1,split=1,delta=2
    10                           	dabs	1,0x320,16
    11                           	dabs	1,0x2A0,80
    12                           	dabs	1,0x220,80
    13                           	dabs	1,0x1A0,80
    14                           	dabs	1,0x20F0,0,_adc_buffer
    15                           	dabs	1,0x7E,2
    16  0000                     	;# 
    17  0001                     	;# 
    18  0002                     	;# 
    19  0003                     	;# 
    20  0004                     	;# 
    21  0005                     	;# 
    22  0006                     	;# 
    23  0007                     	;# 
    24  0008                     	;# 
    25  0009                     	;# 
    26  000A                     	;# 
    27  000B                     	;# 
    28  000C                     	;# 
    29  000E                     	;# 
    30  0011                     	;# 
    31  0012                     	;# 
    32  0013                     	;# 
    33  0015                     	;# 
    34  0016                     	;# 
    35  0016                     	;# 
    36  0017                     	;# 
    37  0018                     	;# 
    38  0019                     	;# 
    39  001A                     	;# 
    40  001B                     	;# 
    41  001C                     	;# 
    42  008C                     	;# 
    43  008E                     	;# 
    44  0091                     	;# 
    45  0092                     	;# 
    46  0093                     	;# 
    47  0095                     	;# 
    48  0096                     	;# 
    49  0097                     	;# 
    50  0098                     	;# 
    51  0099                     	;# 
    52  009A                     	;# 
    53  009B                     	;# 
    54  009B                     	;# 
    55  009C                     	;# 
    56  009D                     	;# 
    57  009E                     	;# 
    58  009F                     	;# 
    59  010C                     	;# 
    60  010E                     	;# 
    61  0111                     	;# 
    62  0112                     	;# 
    63  0113                     	;# 
    64  0114                     	;# 
    65  0115                     	;# 
    66  0116                     	;# 
    67  0117                     	;# 
    68  0118                     	;# 
    69  0119                     	;# 
    70  011C                     	;# 
    71  018C                     	;# 
    72  018E                     	;# 
    73  0191                     	;# 
    74  0191                     	;# 
    75  0192                     	;# 
    76  0193                     	;# 
    77  0193                     	;# 
    78  0194                     	;# 
    79  0195                     	;# 
    80  0196                     	;# 
    81  0199                     	;# 
    82  0199                     	;# 
    83  0199                     	;# 
    84  019A                     	;# 
    85  019A                     	;# 
    86  019A                     	;# 
    87  019B                     	;# 
    88  019B                     	;# 
    89  019B                     	;# 
    90  019B                     	;# 
    91  019B                     	;# 
    92  019C                     	;# 
    93  019C                     	;# 
    94  019C                     	;# 
    95  019D                     	;# 
    96  019D                     	;# 
    97  019D                     	;# 
    98  019E                     	;# 
    99  019E                     	;# 
   100  019E                     	;# 
   101  019F                     	;# 
   102  019F                     	;# 
   103  019F                     	;# 
   104  019F                     	;# 
   105  019F                     	;# 
   106  020C                     	;# 
   107  020E                     	;# 
   108  0211                     	;# 
   109  0211                     	;# 
   110  0212                     	;# 
   111  0212                     	;# 
   112  0213                     	;# 
   113  0213                     	;# 
   114  0214                     	;# 
   115  0214                     	;# 
   116  0215                     	;# 
   117  0215                     	;# 
   118  0215                     	;# 
   119  0215                     	;# 
   120  0216                     	;# 
   121  0216                     	;# 
   122  0217                     	;# 
   123  0217                     	;# 
   124  028C                     	;# 
   125  028E                     	;# 
   126  0291                     	;# 
   127  0291                     	;# 
   128  0292                     	;# 
   129  0293                     	;# 
   130  0293                     	;# 
   131  0298                     	;# 
   132  0298                     	;# 
   133  0299                     	;# 
   134  029A                     	;# 
   135  029A                     	;# 
   136  029E                     	;# 
   137  030C                     	;# 
   138  030E                     	;# 
   139  038C                     	;# 
   140  038E                     	;# 
   141  0391                     	;# 
   142  0392                     	;# 
   143  0393                     	;# 
   144  0397                     	;# 
   145  0398                     	;# 
   146  0399                     	;# 
   147  0415                     	;# 
   148  0416                     	;# 
   149  0417                     	;# 
   150  041C                     	;# 
   151  041D                     	;# 
   152  041E                     	;# 
   153  0511                     	;# 
   154  0515                     	;# 
   155  0617                     	;# 
   156  0618                     	;# 
   157  0619                     	;# 
   158  0619                     	;# 
   159  061A                     	;# 
   160  061B                     	;# 
   161  061C                     	;# 
   162  061C                     	;# 
   163  0691                     	;# 
   164  0692                     	;# 
   165  0693                     	;# 
   166  0694                     	;# 
   167  0695                     	;# 
   168  0696                     	;# 
   169  0697                     	;# 
   170  0698                     	;# 
   171  0699                     	;# 
   172  069A                     	;# 
   173  069B                     	;# 
   174  069C                     	;# 
   175  069D                     	;# 
   176  069E                     	;# 
   177  069F                     	;# 
   178  0E0F                     	;# 
   179  0E10                     	;# 
   180  0E11                     	;# 
   181  0E12                     	;# 
   182  0E13                     	;# 
   183  0E14                     	;# 
   184  0E15                     	;# 
   185  0E17                     	;# 
   186  0E20                     	;# 
   187  0E21                     	;# 
   188  0E22                     	;# 
   189  0E24                     	;# 
   190  0E25                     	;# 
   191  0E28                     	;# 
   192  0E29                     	;# 
   193  0E2A                     	;# 
   194  0E2B                     	;# 
   195  0E90                     	;# 
   196  0E91                     	;# 
   197  0E92                     	;# 
   198  0E94                     	;# 
   199  0E95                     	;# 
   200  0EA0                     	;# 
   201  0EA1                     	;# 
   202  0EA2                     	;# 
   203  0EA3                     	;# 
   204  0EA4                     	;# 
   205  0EA5                     	;# 
   206  0F0F                     	;# 
   207  0F10                     	;# 
   208  0F11                     	;# 
   209  0F12                     	;# 
   210  0F13                     	;# 
   211  0F14                     	;# 
   212  0F15                     	;# 
   213  0F16                     	;# 
   214  0F17                     	;# 
   215  0F18                     	;# 
   216  0F19                     	;# 
   217  0F1A                     	;# 
   218  0F1B                     	;# 
   219  0F1C                     	;# 
   220  0F1D                     	;# 
   221  0F1E                     	;# 
   222  0F1F                     	;# 
   223  0F20                     	;# 
   224  0F21                     	;# 
   225  0F22                     	;# 
   226  0F23                     	;# 
   227  0F24                     	;# 
   228  0F25                     	;# 
   229  0F26                     	;# 
   230  0F27                     	;# 
   231  0F28                     	;# 
   232  0F29                     	;# 
   233  0F2A                     	;# 
   234  0F2B                     	;# 
   235  0F2C                     	;# 
   236  0F2D                     	;# 
   237  0FE4                     	;# 
   238  0FE5                     	;# 
   239  0FE6                     	;# 
   240  0FE7                     	;# 
   241  0FE8                     	;# 
   242  0FE9                     	;# 
   243  0FEA                     	;# 
   244  0FEB                     	;# 
   245  0FED                     	;# 
   246  0FEE                     	;# 
   247  0FEF                     	;_adc_buffer
   248  000B                     _INTCONbits	set	11
   249  0011                     _PIR1bits	set	17
   250  0015                     _TMR0	set	21
   251  005F                     _GIE	set	95
   252  009D                     _ADCON0bits	set	157
   253  009E                     _ADCON1bits	set	158
   254  009F                     _ADCON2bits	set	159
   255  009C                     _ADRESH	set	156
   256  0095                     _OPTION_REGbits	set	149
   257  0099                     _OSCCONbits	set	153
   258  009A                     _OSCSTATbits	set	154
   259  0091                     _PIE1bits	set	145
   260  008C                     _TRISAbits	set	140
   261  008E                     _TRISCbits	set	142
   262  010C                     _LATAbits	set	268
   263  018C                     _ANSELA	set	396
   264  018C                     _ANSELAbits	set	396
   265  018E                     _ANSELC	set	398
   266  0211                     _SSP1BUF	set	529
   267  0215                     _SSP1CON1bits	set	533
   268  0217                     _SSP1CON3bits	set	535
   269  0214                     _SSP1STATbits	set	532
   270  030C                     _SLRCONAbits	set	780
   271  0515                     _OPA2CONbits	set	1301
   272  0E0F                     _PPSLOCK	set	3599
   273  0E20                     _SSPCLKPPSbits	set	3616
   274  0E21                     _SSPDATPPSbits	set	3617
   275  0E95                     _RA5PPSbits	set	3733
   276                           
   277                           	psect	intentry
   278  0004                     __pintentry:	
   279                           
   280                           ; #config settings
   281  0000                     
   282 ;; *************** function _isr *****************
   283 ;; Defined at:
   284 ;;		line 44 in file "main.c"
   285 ;; Parameters:    Size  Location     Type
   286 ;;		None
   287 ;; Auto vars:     Size  Location     Type
   288 ;;  adc_result      1    4[COMMON] unsigned char 
   289 ;;  dummy           1    3[COMMON] unsigned char 
   290 ;; Return value:  Size  Location     Type
   291 ;;		None               void
   292 ;; Registers used:
   293 ;;		wreg, fsr1l, fsr1h, status,2, status,0
   294 ;; Tracked objects:
   295 ;;		On entry : 0/0
   296 ;;		On exit  : 0/0
   297 ;;		Unchanged: 0/0
   298 ;; Data sizes:     COMMON   BANK0   BANK1   BANK2   BANK3   BANK4   BANK5   BANK6
   299 ;;      Params:         0       0       0       0       0       0       0       0
   300 ;;      Locals:         2       0       0       0       0       0       0       0
   301 ;;      Temps:          3       0       0       0       0       0       0       0
   302 ;;      Totals:         5       0       0       0       0       0       0       0
   303 ;;Total ram usage:        5 bytes
   304 ;; Hardware stack levels used:    1
   305 ;; This function calls:
   306 ;;		Nothing
   307 ;; This function is called by:
   308 ;;		Interrupt level 1
   309 ;; This function uses a non-reentrant model
   310 ;;
   311  0004                     _isr:	
   312                           
   313                           ;incstack = 0
   314                           ; Regs used in _isr: [wreg+fsr1l+fsr1h+status,2+status,0]
   315  0004  147E               	bsf	126,0	;set compiler interrupt flag
   316  0005  3180               	pagesel	$
   317  0006  0020               	movlb	0	; select bank0
   318  0007  087F               	movf	127,w
   319  0008  00F2               	movwf	??_isr+2
   320                           
   321                           ;main.c: 46: if(PIR1bits.SSP1IF){
   322  0009  1D91               	btfss	17,3	;volatile
   323  000A  2826               	goto	i1l65
   324                           
   325                           ;main.c: 48: uint8_t dummy = SSP1BUF;
   326  000B  0024               	movlb	4	; select bank4
   327  000C  0811               	movf	17,w	;volatile
   328  000D  00F0               	movwf	??_isr
   329  000E  0870               	movf	??_isr,w
   330  000F  00F3               	movwf	isr@dummy
   331                           
   332                           ;main.c: 50: if(adc_buffer_write_pos != adc_buffer_read_pos)
   333  0010  0876               	movf	_adc_buffer_write_pos,w
   334  0011  0675               	xorwf	_adc_buffer_read_pos,w
   335  0012  1903               	skipnz
   336  0013  2821               	goto	i1l466
   337                           
   338                           ;main.c: 51: SSP1BUF = adc_buffer[adc_buffer_read_pos++];
   339  0014  0875               	movf	_adc_buffer_read_pos,w
   340  0015  3EF0               	addlw	240
   341  0016  0086               	movwf	6
   342  0017  0187               	clrf	7
   343  0018  3020               	movlw	32
   344  0019  3D87               	addwfc	7,f
   345  001A  0801               	movf	1,w
   346  001B  0091               	movwf	17	;volatile
   347  001C  3001               	movlw	1
   348  001D  00F0               	movwf	??_isr
   349  001E  0870               	movf	??_isr,w
   350  001F  07F5               	addwf	_adc_buffer_read_pos,f
   351  0020  2823               	goto	i1l468
   352  0021                     i1l466:	
   353                           
   354                           ;main.c: 52: else
   355                           ;main.c: 53: SSP1BUF = 0x7F;
   356  0021  307F               	movlw	127
   357  0022  0091               	movwf	17	;volatile
   358  0023                     i1l468:	
   359                           
   360                           ;main.c: 55: PIR1bits.SSP1IF = 0;
   361  0023  0020               	movlb	0	; select bank0
   362  0024  1191               	bcf	17,3	;volatile
   363                           
   364                           ;main.c: 57: }
   365  0025  2863               	goto	i1l76
   366  0026                     i1l65:	
   367                           
   368                           ;main.c: 58: else if(PIR1bits.ADIF){
   369  0026  1F11               	btfss	17,6	;volatile
   370  0027  285B               	goto	i1l69
   371                           
   372                           ;main.c: 60: uint8_t adc_result = ADRESH;
   373  0028  0021               	movlb	1	; select bank1
   374  0029  081C               	movf	28,w	;volatile
   375  002A  00F0               	movwf	??_isr
   376  002B  0870               	movf	??_isr,w
   377  002C  00F4               	movwf	isr@adc_result
   378                           
   379                           ;main.c: 63: if(adc_result >= 0x80)
   380  002D  3080               	movlw	128
   381  002E  0274               	subwf	isr@adc_result,w
   382  002F  1C03               	skipc
   383  0030  2834               	goto	i1l474
   384                           
   385                           ;main.c: 64: adc_result -= 0x80;
   386  0031  3080               	movlw	128
   387  0032  02F4               	subwf	isr@adc_result,f
   388  0033  2838               	goto	i1l476
   389  0034                     i1l474:	
   390                           
   391                           ;main.c: 65: else
   392                           ;main.c: 66: adc_result += 0x80;
   393  0034  3080               	movlw	128
   394  0035  00F0               	movwf	??_isr
   395  0036  0870               	movf	??_isr,w
   396  0037  07F4               	addwf	isr@adc_result,f
   397  0038                     i1l476:	
   398                           
   399                           ;main.c: 68: if(adc_result == 0x7F)
   400  0038  0874               	movf	isr@adc_result,w
   401  0039  3A7F               	xorlw	127
   402  003A  1D03               	skipz
   403  003B  2848               	goto	i1l482
   404                           
   405                           ;main.c: 69: adc_buffer[adc_buffer_write_pos++] = 0x7E;
   406  003C  0876               	movf	_adc_buffer_write_pos,w
   407  003D  3EF0               	addlw	240
   408  003E  00F0               	movwf	??_isr
   409  003F  01F1               	clrf	??_isr+1
   410  0040  3020               	movlw	32
   411  0041  3DF1               	addwfc	??_isr+1,f
   412  0042  0870               	movf	??_isr,w
   413  0043  0086               	movwf	6
   414  0044  0871               	movf	??_isr+1,w
   415  0045  0087               	movwf	7
   416  0046  307E               	movlw	126
   417  0047  2853               	goto	L1
   418  0048                     i1l482:	
   419                           
   420                           ;main.c: 70: else
   421                           ;main.c: 71: adc_buffer[adc_buffer_write_pos++] = adc_result;
   422  0048  0876               	movf	_adc_buffer_write_pos,w
   423  0049  3EF0               	addlw	240
   424  004A  00F0               	movwf	??_isr
   425  004B  01F1               	clrf	??_isr+1
   426  004C  3020               	movlw	32
   427  004D  3DF1               	addwfc	??_isr+1,f
   428  004E  0870               	movf	??_isr,w
   429  004F  0086               	movwf	6
   430  0050  0871               	movf	??_isr+1,w
   431  0051  0087               	movwf	7
   432  0052  0874               	movf	isr@adc_result,w
   433  0053                     L1:	
   434  0053  0081               	movwf	1
   435  0054  3001               	movlw	1
   436  0055  00F0               	movwf	??_isr
   437  0056  0870               	movf	??_isr,w
   438  0057  07F6               	addwf	_adc_buffer_write_pos,f
   439                           
   440                           ;main.c: 73: PIR1bits.ADIF = 0;
   441  0058  0020               	movlb	0	; select bank0
   442  0059  1311               	bcf	17,6	;volatile
   443                           
   444                           ;main.c: 75: }
   445  005A  2863               	goto	i1l76
   446  005B                     i1l69:	
   447                           
   448                           ;main.c: 76: else if(INTCONbits.TMR0IF){
   449  005B  1D0B               	btfss	11,2	;volatile
   450  005C  2863               	goto	i1l76
   451                           
   452                           ;main.c: 78: TMR0 = TMR0 + 0x4E;
   453  005D  0815               	movf	21,w	;volatile
   454  005E  3E4E               	addlw	78
   455  005F  0095               	movwf	21	;volatile
   456                           
   457                           ;main.c: 81: ADCON0bits.GO = 1;
   458  0060  0021               	movlb	1	; select bank1
   459  0061  149D               	bsf	29,1	;volatile
   460                           
   461                           ;main.c: 83: INTCONbits.TMR0IF = 0;
   462  0062  110B               	bcf	11,2	;volatile
   463  0063                     i1l76:	
   464  0063  0872               	movf	??_isr+2,w
   465  0064  0020               	movlb	0	; select bank0
   466  0065  00FF               	movwf	127
   467  0066  107E               	bcf	126,0	;clear compiler interrupt flag
   468  0067  0009               	retfie
   469  0068                     __end_of_isr:	
   470  007E                     btemp	set	126	;btemp
   471  007E                     pic14e$flags	set	126
   472  007E                     wtemp	set	126
   473  007E                     wtemp0	set	126
   474  0080                     wtemp1	set	128
   475  0082                     wtemp2	set	130
   476  0084                     wtemp3	set	132
   477  0086                     wtemp4	set	134
   478  0088                     wtemp5	set	136
   479  007F                     wtemp6	set	127
   480  007E                     ttemp	set	126
   481  007E                     ttemp0	set	126
   482  0081                     ttemp1	set	129
   483  0084                     ttemp2	set	132
   484  0087                     ttemp3	set	135
   485  007F                     ttemp4	set	127
   486  007E                     ltemp	set	126
   487  007E                     ltemp0	set	126
   488  0082                     ltemp1	set	130
   489  0086                     ltemp2	set	134
   490  0080                     ltemp3	set	128
   491  20F0                     
   492                           	psect	cinit
   493  006A                     start_initialization:	
   494  006A                     __initialization:		;BIGRAM
   495                           
   496                           ; Clear objects allocated to BIGRAM
   497  006A  30F0               	movlw	low (0+8432)
   498  006B  0084               	movwf	4
   499  006C  3020               	movlw	high (0+8432)
   500  006D  0085               	movwf	5
   501  006E  3000               	movlw	0
   502  006F  00FE               	movwf	btemp
   503  0070  3001               	movlw	1
   504  0071  00FF               	movwf	btemp+1
   505  0072  3180  20E1         	fcall	clear_ram0
   506                           
   507                           ; Clear objects allocated to COMMON
   508  0074  01F5               	clrf	__pbssCOMMON& (0+127)
   509  0075  01F6               	clrf	(__pbssCOMMON+1)& (0+127)
   510  0076                     end_of_initialization:	
   511                           ;End of C runtime variable initialization code
   512                           
   513  0076                     __end_of__initialization:	
   514  0076  107E               	bcf	pic14e$flags,0	;clear compiler interrupt flag
   515  0077  0020               	movlb	0
   516  0078  3180  287A         	ljmp	_main	;jump to C main() function
   517                           
   518                           	psect	bssCOMMON
   519  0075                     __pbssCOMMON:	
   520  0075                     _adc_buffer_read_pos:	
   521  0075                     	ds	1
   522  0076                     _adc_buffer_write_pos:	
   523  0076                     	ds	1
   524                           
   525                           	psect	clrtext
   526  00E1                     clear_ram0:	
   527                           ;	Called with FSR0 containing the base address, and
   528                           ;	btemp/btemp+1 has the size to clear
   529                           
   530  00E1  0064               	clrwdt	;clear the watchdog before getting into this loop
   531  00E2                     clrloop0:	
   532  00E2  0180               	clrf	0	;clear RAM location pointed to by FSR
   533  00E3  3101               	addfsr 0,1
   534  00E4  3001               	movlw	1
   535  00E5  02FE               	subwf	126,f
   536  00E6  3000               	movlw	0
   537  00E7  3BFF               	subwfb	127,f
   538  00E8  087F               	movf	127,w
   539  00E9  047E               	iorwf	126,w
   540  00EA  1903               	btfsc	3,2
   541  00EB  3400               	retlw	0	;all done for this memory range, return
   542  00EC  28E2               	goto	clrloop0	;have we reached the end yet?
   543                           
   544                           	psect	cstackCOMMON
   545  0070                     __pcstackCOMMON:	
   546  0070                     ?_isr:	
   547  0070                     ??_isr:	
   548                           ; 0 bytes @ 0x0
   549                           
   550  0070                     ?_main:	
   551                           ; 0 bytes @ 0x0
   552                           
   553                           
   554                           ; 0 bytes @ 0x0
   555  0070                     	ds	3
   556  0073                     isr@dummy:	
   557                           
   558                           ; 1 bytes @ 0x3
   559  0073                     	ds	1
   560  0074                     isr@adc_result:	
   561                           
   562                           ; 1 bytes @ 0x4
   563  0074                     	ds	1
   564  0075                     ??_main:	
   565                           
   566                           	psect	maintext
   567  007A                     __pmaintext:	
   568                           ; 0 bytes @ 0x5
   569 ;;
   570 ;;Main: autosize = 0, tempsize = 0, incstack = 0, save=0
   571 ;;
   572 ;; *************** function _main *****************
   573 ;; Defined at:
   574 ;;		line 89 in file "main.c"
   575 ;; Parameters:    Size  Location     Type
   576 ;;		None
   577 ;; Auto vars:     Size  Location     Type
   578 ;;		None
   579 ;; Return value:  Size  Location     Type
   580 ;;		None               void
   581 ;; Registers used:
   582 ;;		wreg, status,2, status,0
   583 ;; Tracked objects:
   584 ;;		On entry : 17F/0
   585 ;;		On exit  : 0/0
   586 ;;		Unchanged: 0/0
   587 ;; Data sizes:     COMMON   BANK0   BANK1   BANK2   BANK3   BANK4   BANK5   BANK6
   588 ;;      Params:         0       0       0       0       0       0       0       0
   589 ;;      Locals:         0       0       0       0       0       0       0       0
   590 ;;      Temps:          0       0       0       0       0       0       0       0
   591 ;;      Totals:         0       0       0       0       0       0       0       0
   592 ;;Total ram usage:        0 bytes
   593 ;; Hardware stack levels required when called:    1
   594 ;; This function calls:
   595 ;;		Nothing
   596 ;; This function is called by:
   597 ;;		Startup code after reset
   598 ;; This function uses a non-reentrant model
   599 ;;
   600                           
   601                           
   602                           ;psect for function _main
   603  007A                     _main:	
   604                           
   605                           ;main.c: 92: OSCCONbits.IRCF = 0b1111;
   606                           
   607                           ;incstack = 0
   608                           ; Regs used in _main: [wreg+status,2+status,0]
   609  007A  3078               	movlw	120
   610  007B  0021               	movlb	1	; select bank1
   611  007C  0499               	iorwf	25,f	;volatile
   612                           
   613                           ;main.c: 93: OSCCONbits.SCS = 0b10;
   614  007D  0819               	movf	25,w	;volatile
   615  007E  39FC               	andlw	-4
   616  007F  3802               	iorlw	2
   617  0080  0099               	movwf	25	;volatile
   618  0081                     l79:	
   619                           ;main.c: 95: while(OSCSTATbits.HFIOFS == 0);
   620                           
   621  0081  1C1A               	btfss	26,0	;volatile
   622  0082  2881               	goto	l79
   623                           
   624                           ;main.c: 97: SLRCONAbits.SLRA2 = 0;
   625  0083  0026               	movlb	6	; select bank6
   626  0084  110C               	bcf	12,2	;volatile
   627                           
   628                           ;main.c: 98: TRISAbits.TRISA2 = 0;
   629  0085  0021               	movlb	1	; select bank1
   630  0086  110C               	bcf	12,2	;volatile
   631                           
   632                           ;main.c: 99: LATAbits.LATA2 = 0;
   633  0087  0022               	movlb	2	; select bank2
   634  0088  110C               	bcf	12,2	;volatile
   635                           
   636                           ;main.c: 103: GIE = 0;
   637  0089  138B               	bcf	11,7	;volatile
   638                           
   639                           ;main.c: 104: PPSLOCK = 0x55;
   640  008A  3055               	movlw	85
   641  008B  003C               	movlb	28	; select bank28
   642  008C  008F               	movwf	15	;volatile
   643                           
   644                           ;main.c: 105: PPSLOCK = 0xAA;
   645  008D  30AA               	movlw	170
   646  008E  008F               	movwf	15	;volatile
   647                           
   648                           ;main.c: 106: PPSLOCK = 0x00;
   649  008F  018F               	clrf	15	;volatile
   650                           
   651                           ;main.c: 109: RA5PPSbits.RA5PPS = 0b10010;
   652  0090  003D               	movlb	29	; select bank29
   653  0091  0815               	movf	21,w	;volatile
   654  0092  39E0               	andlw	-32
   655  0093  3812               	iorlw	18
   656  0094  0095               	movwf	21	;volatile
   657                           
   658                           ;main.c: 110: SSPCLKPPSbits.SSPCLKPPS = 0b10000;
   659  0095  003C               	movlb	28	; select bank28
   660  0096  0820               	movf	32,w	;volatile
   661  0097  39E0               	andlw	-32
   662  0098  3810               	iorlw	16
   663  0099  00A0               	movwf	32	;volatile
   664                           
   665                           ;main.c: 111: SSPDATPPSbits.SSPDATPPS = 0b10001;
   666  009A  0821               	movf	33,w	;volatile
   667  009B  39E0               	andlw	-32
   668  009C  3811               	iorlw	17
   669  009D  00A1               	movwf	33	;volatile
   670                           
   671                           ;main.c: 114: PPSLOCK = 0x55;
   672  009E  3055               	movlw	85
   673  009F  008F               	movwf	15	;volatile
   674                           
   675                           ;main.c: 115: PPSLOCK = 0xAA;
   676  00A0  30AA               	movlw	170
   677  00A1  008F               	movwf	15	;volatile
   678                           
   679                           ;main.c: 116: PPSLOCK = 0x01;
   680  00A2  3001               	movlw	1
   681  00A3  008F               	movwf	15	;volatile
   682                           
   683                           ;main.c: 119: OPA2CONbits.OPA2SP = 0;
   684  00A4  002A               	movlb	10	; select bank10
   685  00A5  1315               	bcf	21,6	;volatile
   686                           
   687                           ;main.c: 120: OPA2CONbits.OPA2UG = 0;
   688  00A6  1215               	bcf	21,4	;volatile
   689                           
   690                           ;main.c: 121: OPA2CONbits.OPA2PCH = 0b00;
   691  00A7  30FC               	movlw	-4
   692  00A8  0595               	andwf	21,f	;volatile
   693                           
   694                           ;main.c: 123: OPA2CONbits.OPA2EN = 1;
   695  00A9  1795               	bsf	21,7	;volatile
   696                           
   697                           ;main.c: 126: TRISAbits.TRISA4 = 1;
   698  00AA  0021               	movlb	1	; select bank1
   699  00AB  160C               	bsf	12,4	;volatile
   700                           
   701                           ;main.c: 129: PIE1bits.ADIE = 0;
   702  00AC  1311               	bcf	17,6	;volatile
   703                           
   704                           ;main.c: 130: PIR1bits.ADIF = 0;
   705  00AD  0020               	movlb	0	; select bank0
   706  00AE  1311               	bcf	17,6	;volatile
   707                           
   708                           ;main.c: 132: ANSELA = 0;
   709  00AF  0023               	movlb	3	; select bank3
   710  00B0  018C               	clrf	12	;volatile
   711                           
   712                           ;main.c: 133: ANSELC = 0;
   713  00B1  018E               	clrf	14	;volatile
   714                           
   715                           ;main.c: 134: ANSELAbits.ANSA4 = 1;
   716  00B2  160C               	bsf	12,4	;volatile
   717                           
   718                           ;main.c: 136: ADCON0bits.CHS = 0b00011;
   719  00B3  0021               	movlb	1	; select bank1
   720  00B4  081D               	movf	29,w	;volatile
   721  00B5  3983               	andlw	-125
   722  00B6  380C               	iorlw	12
   723  00B7  009D               	movwf	29	;volatile
   724                           
   725                           ;main.c: 138: ADCON1bits.ADFM = 0;
   726  00B8  139E               	bcf	30,7	;volatile
   727                           
   728                           ;main.c: 139: ADCON1bits.ADCS = 0b111;
   729  00B9  3070               	movlw	112
   730  00BA  049E               	iorwf	30,f	;volatile
   731                           
   732                           ;main.c: 140: ADCON1bits.ADPREF = 0b00;
   733  00BB  30FC               	movlw	-4
   734  00BC  059E               	andwf	30,f	;volatile
   735                           
   736                           ;main.c: 142: ADCON2bits.TRIGSEL = 0x0000;
   737  00BD  300F               	movlw	-241
   738  00BE  059F               	andwf	31,f	;volatile
   739                           
   740                           ;main.c: 144: ADCON0bits.ADON = 1;
   741  00BF  141D               	bsf	29,0	;volatile
   742                           
   743                           ;main.c: 146: PIE1bits.ADIE = 0;
   744  00C0  1311               	bcf	17,6	;volatile
   745                           
   746                           ;main.c: 150: TRISAbits.TRISA5 = 0;
   747  00C1  128C               	bcf	12,5	;volatile
   748                           
   749                           ;main.c: 151: TRISCbits.TRISC0 = 1;
   750  00C2  140E               	bsf	14,0	;volatile
   751                           
   752                           ;main.c: 152: TRISCbits.TRISC1 = 1;
   753  00C3  148E               	bsf	14,1	;volatile
   754                           
   755                           ;main.c: 155: PIR1bits.SSP1IF = 0;
   756  00C4  0020               	movlb	0	; select bank0
   757  00C5  1191               	bcf	17,3	;volatile
   758                           
   759                           ;main.c: 156: PIE1bits.SSP1IE = 0;
   760  00C6  0021               	movlb	1	; select bank1
   761  00C7  1191               	bcf	17,3	;volatile
   762                           
   763                           ;main.c: 158: SSP1STATbits.CKE = 0;
   764  00C8  0024               	movlb	4	; select bank4
   765  00C9  1314               	bcf	20,6	;volatile
   766                           
   767                           ;main.c: 159: SSP1STATbits.SMP = 0;
   768  00CA  1394               	bcf	20,7	;volatile
   769                           
   770                           ;main.c: 161: SSP1CON1bits.CKP = 0;
   771  00CB  1215               	bcf	21,4	;volatile
   772                           
   773                           ;main.c: 162: SSP1CON1bits.SSPM = 0b0101;
   774  00CC  0815               	movf	21,w	;volatile
   775  00CD  39F0               	andlw	-16
   776  00CE  3805               	iorlw	5
   777  00CF  0095               	movwf	21	;volatile
   778                           
   779                           ;main.c: 164: SSP1CON3bits.BOEN = 1;
   780  00D0  1617               	bsf	23,4	;volatile
   781                           
   782                           ;main.c: 168: SSP1CON1bits.SSPEN = 1;
   783  00D1  1695               	bsf	21,5	;volatile
   784                           
   785                           ;main.c: 170: PIE1bits.SSP1IE = 1;
   786  00D2  0021               	movlb	1	; select bank1
   787  00D3  1591               	bsf	17,3	;volatile
   788                           
   789                           ;main.c: 175: INTCONbits.TMR0IE = 0;
   790  00D4  128B               	bcf	11,5	;volatile
   791                           
   792                           ;main.c: 176: INTCONbits.TMR0IF = 0;
   793  00D5  110B               	bcf	11,2	;volatile
   794                           
   795                           ;main.c: 178: OPTION_REGbits.T0CS = 0;
   796  00D6  1295               	bcf	21,5	;volatile
   797                           
   798                           ;main.c: 179: OPTION_REGbits.PSA = 0;
   799  00D7  1195               	bcf	21,3	;volatile
   800                           
   801                           ;main.c: 180: OPTION_REGbits.PS = 0b000;
   802  00D8  30F8               	movlw	-8
   803  00D9  0595               	andwf	21,f	;volatile
   804                           
   805                           ;main.c: 182: INTCONbits.TMR0IE = 1;
   806  00DA  168B               	bsf	11,5	;volatile
   807                           
   808                           ;main.c: 185: INTCONbits.PEIE = 1;
   809  00DB  170B               	bsf	11,6	;volatile
   810                           
   811                           ;main.c: 186: INTCONbits.GIE = 1;
   812  00DC  178B               	bsf	11,7	;volatile
   813                           
   814                           ;main.c: 189: SSP1BUF = 'A';
   815  00DD  3041               	movlw	65
   816  00DE  0024               	movlb	4	; select bank4
   817  00DF  0091               	movwf	17	;volatile
   818  00E0                     l82:	
   819                           ;main.c: 191: while(1){}
   820                           
   821  00E0  28E0               	goto	l82
   822  00E1                     __end_of_main:	


Data Sizes:
    Strings     0
    Constant    0
    Data        0
    BSS         2
    Persistent  0
    Stack       0

Auto Spaces:
    Space          Size  Autos    Used
    COMMON           14      5       7
    BANK0            80      0       0
    BANK1            80      0       0
    BANK2            80      0       0
    BANK3             0      0       0
    BANK4             0      0       0
    BANK5             0      0       0
    BANK6             0      0       0

Pointer List with Targets:

    None.

Critical Paths under _main in COMMON

    None.

Critical Paths under _isr in COMMON

    None.

Critical Paths under _main in BANK0

    None.

Critical Paths under _isr in BANK0

    None.

Critical Paths under _main in BANK1

    None.

Critical Paths under _isr in BANK1

    None.

Critical Paths under _main in BANK2

    None.

Critical Paths under _isr in BANK2

    None.

Critical Paths under _main in BANK3

    None.

Critical Paths under _isr in BANK3

    None.

Critical Paths under _main in BANK4

    None.

Critical Paths under _isr in BANK4

    None.

Critical Paths under _main in BANK5

    None.

Critical Paths under _isr in BANK5

    None.

Critical Paths under _main in BANK6

    None.

Critical Paths under _isr in BANK6

    None.

Call Graph Tables:

 ---------------------------------------------------------------------------------
 (Depth) Function   	        Calls       Base Space   Used Autos Params    Refs
 ---------------------------------------------------------------------------------
 (0) _main                                                 0     0      0       0
 ---------------------------------------------------------------------------------
 Estimated maximum stack depth 0
 ---------------------------------------------------------------------------------
 (Depth) Function   	        Calls       Base Space   Used Autos Params    Refs
 ---------------------------------------------------------------------------------
 (1) _isr                                                  5     5      0      45
                                              0 COMMON     5     5      0
 ---------------------------------------------------------------------------------
 Estimated maximum stack depth 1
 ---------------------------------------------------------------------------------

 Call Graph Graphs:

 _main (ROOT)

 _isr (ROOT)

 Address spaces:
Name               Size   Autos  Total    Cost      Usage
BIGRAM             1F0      0       0       0        0.0%
NULL                 0      0       0       0        0.0%
CODE                 0      0       0       0        0.0%
BITCOMMON            E      0       0       1        0.0%
BITSFR0              0      0       0       1        0.0%
SFR0                 0      0       0       1        0.0%
COMMON               E      5       7       2       50.0%
BITSFR1              0      0       0       2        0.0%
SFR1                 0      0       0       2        0.0%
BITSFR2              0      0       0       3        0.0%
SFR2                 0      0       0       3        0.0%
STACK                0      0       0       3        0.0%
BITSFR3              0      0       0       4        0.0%
SFR3                 0      0       0       4        0.0%
ABS                  0      0       7       4        0.0%
BITBANK0            50      0       0       5        0.0%
BITSFR4              0      0       0       5        0.0%
SFR4                 0      0       0       5        0.0%
BANK0               50      0       0       6        0.0%
BITSFR5              0      0       0       6        0.0%
SFR5                 0      0       0       6        0.0%
BITBANK1            50      0       0       7        0.0%
BITSFR6              0      0       0       7        0.0%
SFR6                 0      0       0       7        0.0%
BANK1               50      0       0       8        0.0%
BITSFR7              0      0       0       8        0.0%
SFR7                 0      0       0       8        0.0%
BITBANK2            50      0       0       9        0.0%
BITSFR8              0      0       0       9        0.0%
SFR8                 0      0       0       9        0.0%
BANK2               50      0       0      10        0.0%
BITSFR9              0      0       0      10        0.0%
SFR9                 0      0       0      10        0.0%
BITBANK3            50      0       0      11        0.0%
BITSFR10             0      0       0      11        0.0%
SFR10                0      0       0      11        0.0%
BITSFR11             0      0       0      12        0.0%
SFR11                0      0       0      12        0.0%
BANK3                0      0       0      12        0.0%
BITBANK4            50      0       0      13        0.0%
BITSFR12             0      0       0      13        0.0%
SFR12                0      0       0      13        0.0%
BITSFR13             0      0       0      14        0.0%
SFR13                0      0       0      14        0.0%
BANK4                0      0       0      14        0.0%
BITBANK5            50      0       0      15        0.0%
BITSFR14             0      0       0      15        0.0%
SFR14                0      0       0      15        0.0%
BITSFR15             0      0       0      16        0.0%
SFR15                0      0       0      16        0.0%
BANK5                0      0       0      16        0.0%
BITBANK6            10      0       0      17        0.0%
BITSFR16             0      0       0      17        0.0%
SFR16                0      0       0      17        0.0%
BITSFR17             0      0       0      18        0.0%
SFR17                0      0       0      18        0.0%
BANK6                0      0       0      18        0.0%
BITSFR18             0      0       0      19        0.0%
SFR18                0      0       0      19        0.0%
DATA                 0      0       7      19        0.0%
BITSFR19             0      0       0      20        0.0%
SFR19                0      0       0      20        0.0%
BITSFR20             0      0       0      21        0.0%
SFR20                0      0       0      21        0.0%
BITSFR21             0      0       0      22        0.0%
SFR21                0      0       0      22        0.0%
BITSFR22             0      0       0      23        0.0%
SFR22                0      0       0      23        0.0%
BITSFR23             0      0       0      24        0.0%
SFR23                0      0       0      24        0.0%
BITSFR24             0      0       0      25        0.0%
SFR24                0      0       0      25        0.0%
BITSFR25             0      0       0      26        0.0%
SFR25                0      0       0      26        0.0%
BITSFR26             0      0       0      27        0.0%
SFR26                0      0       0      27        0.0%
BITSFR27             0      0       0      28        0.0%
SFR27                0      0       0      28        0.0%
BITSFR28             0      0       0      29        0.0%
SFR28                0      0       0      29        0.0%
BITSFR29             0      0       0      30        0.0%
SFR29                0      0       0      30        0.0%
BITSFR30             0      0       0      31        0.0%
SFR30                0      0       0      31        0.0%
BITSFR31             0      0       0      32        0.0%
SFR31                0      0       0      32        0.0%


Microchip Technology PIC Macro Assembler V1.32 build 58300 
Symbol Table                                                                                   Sat Aug  2 02:55:02 2014

            __CFG_CP$OFF 0000                       l82 00E0                       l79 0081  
            __CFG_LVP$ON 0000                      _GIE 005F                      _isr 0004  
           __CFG_BORV$LO 0000                     ?_isr 0070                     i1l65 0026  
                   i1l76 0063                     i1l69 005B                     _TMR0 0015  
           __CFG_WRT$OFF 0000            __CFG_FCMEN$ON 0000                     _main 007A  
                   fsr0h 0005                     fsr1h 0007                     fsr0l 0004  
                   indf0 0000                     indf1 0001                     fsr1l 0006  
                   btemp 007E            __CFG_BOREN$ON 0000                     ltemp 007E  
                   start 0068                     ttemp 007E                     wtemp 007E  
          __CFG_IESO$OFF 0000            __CFG_MCLRE$ON 0000            __CFG_LPBOR$ON 0000  
                  ??_isr 0070            __CFG_PLLEN$ON 0000                    ?_main 0070  
          __CFG_WDTE$OFF 0000                    i1l482 0048                    i1l474 0034  
                  i1l466 0021                    i1l476 0038                    i1l468 0023  
                  ltemp0 007E                    ltemp1 0082                    ltemp2 0086  
                  ltemp3 0080                    ttemp0 007E                    ttemp1 0081  
                  ttemp2 0084                    ttemp3 0087                    ttemp4 007F  
                  wtemp0 007E                    wtemp1 0080                    wtemp2 0082  
                  wtemp3 0084                    wtemp4 0086                    wtemp5 0088  
                  wtemp6 007F          __initialization 006A             __end_of_main 00E1  
                 ??_main 0075                   _ADRESH 009C           __CFG_ZCDDIS$ON 0000  
                 _ANSELA 018C                   _ANSELC 018E           __CFG_PWRTE$OFF 0000  
         __CFG_STVREN$ON 0000  __end_of__initialization 0076           __pcstackCOMMON 0070  
             _adc_buffer 20F0           _OPTION_REGbits 0095               __pmaintext 007A  
        __CFG_PPS1WAY$ON 0000               __pintentry 0004      _adc_buffer_read_pos 0075  
                _PPSLOCK 0E0F                  _SSP1BUF 0211             __size_of_isr 0064  
                clrloop0 00E2     end_of_initialization 0076         __CFG_FOSC$INTOSC 0000  
              _TRISAbits 008C                _TRISCbits 008E      start_initialization 006A  
            __end_of_isr 0068            isr@adc_result 0074              __pbssBIGRAM 20F0  
            __pbssCOMMON 0075                ___latbits 0001                 _LATAbits 010C  
              clear_ram0 00E1                 _PIE1bits 0091                 _PIR1bits 0011  
             _ADCON0bits 009D               _ADCON1bits 009E               _ADCON2bits 009F  
            _OPA2CONbits 0515     _adc_buffer_write_pos 0076               _ANSELAbits 018C  
           _SSP1CON1bits 0215             _SSP1CON3bits 0217            __size_of_main 0067  
          _SSPDATPPSbits 0E21               _RA5PPSbits 0E95            _SSPCLKPPSbits 0E20  
           _SSP1STATbits 0214              _OSCSTATbits 009A               _INTCONbits 000B  
               isr@dummy 0073              pic14e$flags 007E                 intlevel1 0000  
            _SLRCONAbits 030C        __CFG_CLKOUTEN$OFF 0000               _OSCCONbits 0099  
